2017-Oct-17 12:13:21 Наличие необходимых модулей php (check_php_modules): Ok
Все необходимые модули установлены
2017-Oct-17 12:13:21 Обязательные параметры PHP (check_php_settings): Ok
Настройки правильные
2017-Oct-17 12:13:21 Модули веб-сервера (check_security): Ok
Конфликтов не выявлено
2017-Oct-17 12:13:21 Значения переменных сервера (check_server_vars): Ok
Корректные
2017-Oct-17 12:13:21 Сохранение сессии (check_session): Ok
50% done
2017-Oct-17 12:13:21 Параметры настройки UTF (mbstring и константа BX_UTF) (check_mbstring): Ok
Правильные. Сайт работает в UTF кодировке
2017-Oct-17 12:13:21 Служебные скрипты в корне сайта (check_install_scripts): Ok
Отсутствуют
2017-Oct-17 12:13:21 Работа с сокетами (check_socket): Fail
Connection to www.datsun-ringauto.ru:80	Success
== Request ==
GET /bitrix/admin/site_checker.php?test_type=socket_test&unique_id=95a17e68c9154993570770b6dbb11ca9 HTTP/1.1
Host: www.datsun-ringauto.ru


== Response ==
HTTP/1.1 404 Not Found
Cache-Control: private
Content-Length: 1948
Content-Type: text/html
Expires: Tue, 17 Oct 2017 09:13:20 GMT
Server: Microsoft-IIS/7.0
Set-Cookie: ASPSESSIONIDCCQAAARD=NNDNEFNCBBDLPKKNNJMPNAHG; path=/
X-Powered-By: ASP.NET
X-Powered-By-Plesk: PleskWin
Date: Tue, 17 Oct 2017 09:13:19 GMT

== Body ==

<!DOCTYPE html PUBLIC "-//W3C//DTD XHTML 1.0 Transitional//EN" "http://www.w3.org/TR/xhtml1/DTD/xhtml1-transitional.dtd">
<html xmlns="http://www.w3.org/1999/xhtml">
  <head>
  	<meta http-equiv="Content-Language" content="ru" />
  	<meta http-equiv="Content-Type" content="text/html; charset=windows-1251" />
  	<meta http-equiv="Cache-Control" content="no-cache">
  	<meta http-equiv="X-UA-Compatible" content="IE=edge,chrome=1">
  	<style type="text/css">
			html{
				width:100%;
				height:100%;
				font-family:tahoma;
			}
			#out{
				margin:55px 0 0 45px;
			}
			h1{
				margin:0;
				font:bold 44px tahoma;
				color:#353535;
			}
			h2{
				margin:0 0 50px 0;
				font:bold 20px tahoma;
				color:#333;
			}
			h3{
				margin:30px 0 20px 0;
				font:bold 18px tahoma;
				color:#474747;
			}
			p{
				font:14px tahoma;
				color:#333;
			}
			ul{
				margin:0 0 0 25px;
				padding:0;
			}
			li{
				padding:0 0 5px 2px;
				margin:0;
				fon ... (1948 bytes)
==========

Ошибка! Не работает
